<?xml version="1.0" encoding="UTF-8"?>
<testsuite xmlns:xsi="http://www.w3.org/2001/XMLSchema-instance" xsi:noNamespaceSchemaLocation="https://maven.apache.org/surefire/maven-surefire-plugin/xsd/surefire-test-report.xsd" name="ru.netology.services.employeeVacationTest" time="0.126" tests="2" errors="0" skipped="0" failures="0">
  <properties>
[...]
</properties>
  <testcase name="testVocantionLimit{int, int, int}[1]" classname="ru.netology.services.employeeVacationTest" time="0.045"/>
  <testcase name="testVocantionLimit{int, int, int}[2]" classname="ru.netology.services.employeeVacationTest" time="0.001"/>
</testsuite>